[2017-11-29 14:58:05 CST] <Thread-9>  INFO: Logging to file: E:\project\Portal\unpackage\release\H58C48F6E_1129145413.ipa_1711291458.log
[2017-11-29 14:58:05 CST] <Thread-9>  INFO: Logging configured successfully.
[2017-11-29 14:58:06 CST] <Thread-9>  INFO: iTMSTransporter : iTunes Store Transporter [1.9.4]
[2017-11-29 14:58:06 CST] <Thread-9>  INFO: OS identifier: Windows 10 10.0 (amd64); jvm=25.121-b13; jre=1.8.0_121-b13
[2017-11-29 14:58:06 CST] <Thread-9>  INFO: Memory: [JVM] 83M free, 118M total, 1751M max [System] (Physical) 2730M free, 7879M total (Swap) 8471M free, 15815M total
[2017-11-29 14:58:06 CST] <Thread-9>  INFO: Upload mode selected.
[2017-11-29 14:58:06 CST] <Thread-9>  INFO: Examining the package at: C:\Users\Henry\AppData\Local\Temp\au\itmsp\1317645704.itmsp
[2017-11-29 14:58:06 CST] <Thread-9>  INFO: Ensuring that package has well formed metadata file...
[2017-11-29 14:58:06 CST] <Thread-9>  INFO: Gathering the list of valid files from the package ...
[2017-11-29 14:58:06 CST] <Thread-9>  INFO: Finished gathering the list of valid files from the package.
[2017-11-29 14:58:06 CST] <Thread-9>  INFO: Verify progress: Analyzing metadata (Step 0/?)
[2017-11-29 14:58:06 CST] <Thread-9>  INFO: Performing authentication of package 1317645704.itmsp ...
[2017-11-29 14:58:06 CST] <Thread-9>  INFO: Verify progress: Analyzing metadata (Step 1/2)
[2017-11-29 14:58:06 CST] <Thread-9>  INFO: id = 20171129145806-532
[2017-11-29 14:58:06 CST] <Thread-9>  INFO: id = 20171129145806-309
[2017-11-29 14:58:07 CST] <Thread-9>  INFO: The list of files requested for upload by Apple is: [metadata.xml, 1317645704.ipa].  These are the files that will be uploaded.
[2017-11-29 14:58:07 CST] <Thread-9>  INFO: Starting media analysis of assets
[2017-11-29 14:58:08 CST] <Thread-9>  INFO: Verify progress: Adding asset to analyze: 1317645704.ipa (Step 2/3)
[2017-11-29 14:58:08 CST] <Thread-9>  INFO: Asset media analysis has completed
[2017-11-29 14:58:08 CST] <Thread-9>  INFO: id = 20171129145808-022
[2017-11-29 14:58:12 CST] <Thread-9>  INFO: Verify progress: Validating assets (Step 3/3)
[2017-11-29 14:58:12 CST] <Thread-9>  INFO: Verify progress: Validating assets (Step 4/3)
[2017-11-29 14:58:12 CST] <Thread-9>  INFO: id = 20171129145812-465
[2017-11-29 14:58:15 CST] <Thread-9>  INFO: The list of files requested for upload by Apple is: [metadata.xml, 1317645704.ipa].  These are the files that will be uploaded.
[2017-11-29 14:58:15 CST] <Thread-9>  INFO: Done performing authentication.
[2017-11-29 14:58:15 CST] <Thread-9>  INFO: The asset replacement verification check is disabled.
[2017-11-29 14:58:15 CST] <Thread-9>  INFO: Checking the file size of the files: [1317645704.ipa]
[2017-11-29 14:58:15 CST] <Thread-9>  INFO: Done checking the file sizes.
[2017-11-29 14:58:15 CST] <Thread-9>  INFO: Checking the md5 checksum of the files: [1317645704.ipa]
[2017-11-29 14:58:15 CST] <Thread-9>  INFO: Done checking the md5 checksum.
[2017-11-29 14:58:15 CST] <Thread-9>  INFO: Preparing to upload package 1317645704.itmsp ...
[2017-11-29 14:58:15 CST] <Thread-9>  INFO: Starting to upload the package's files (1317645704.itmsp) ...
[2017-11-29 14:58:15 CST] <Thread-9>  INFO: Attempting to connect to Apple's webDAV...
[2017-11-29 14:58:15 CST] <Thread-9>  INFO: Successfully connected to Apple's webDAV.
[2017-11-29 14:58:15 CST] <Thread-9>  INFO: Attempting to create the package's folder on Apple's webDAV: /5/M5QA58FB52/uploading/1317645704-20171128225813-352.itmsp/
[2017-11-29 14:58:16 CST] <Thread-9>  INFO: Successfully created/set the package's folder on Apple's webDAV.
[2017-11-29 14:58:16 CST] <Thread-9>  INFO: Determining which files should be uploaded ...
[2017-11-29 14:58:16 CST] <Thread-9>  INFO: Finished determining which files should be uploaded.
[2017-11-29 14:58:16 CST] <Thread-9>  INFO: Computing total size of files to upload ...
[2017-11-29 14:58:16 CST] <Thread-9>  INFO: Done computing total size of files to upload.
[2017-11-29 14:58:16 CST] <Thread-9>  INFO: Starting upload of file: C:\Users\Henry\AppData\Local\Temp\au\itmsp\1317645704.itmsp\metadata.xml ...
[2017-11-29 14:58:16 CST] <Thread-9>  INFO:      File: metadata.xml 533/533, 100% completed
[2017-11-29 14:58:16 CST] <Thread-9>  INFO:   Successfully uploaded file: C:\Users\Henry\AppData\Local\Temp\au\itmsp\1317645704.itmsp\metadata.xml
[2017-11-29 14:58:16 CST] <Thread-9>  INFO: Package upload progress: 0.01% completed
[2017-11-29 14:58:16 CST] <Thread-9>  INFO: Finished upload of file: C:\Users\Henry\AppData\Local\Temp\au\itmsp\1317645704.itmsp\metadata.xml.
[2017-11-29 14:58:16 CST] <Thread-9>  INFO: Starting upload of file: C:\Users\Henry\AppData\Local\Temp\au\itmsp\1317645704.itmsp\1317645704.ipa ...
[2017-11-29 14:58:18 CST] <Thread-9>  INFO:      File: 1317645704.ipa 4981301/4981301, 100% completed
[2017-11-29 14:58:18 CST] <Thread-9>  INFO:   Successfully uploaded file: C:\Users\Henry\AppData\Local\Temp\au\itmsp\1317645704.itmsp\1317645704.ipa
[2017-11-29 14:58:18 CST] <Thread-9>  INFO: Package upload progress: 100% completed
[2017-11-29 14:58:18 CST] <Thread-9>  INFO: Finished upload of file: C:\Users\Henry\AppData\Local\Temp\au\itmsp\1317645704.itmsp\1317645704.ipa.
[2017-11-29 14:58:18 CST] <Thread-9>  INFO: Gathering list of uploaded files from Apple's webDAV...
[2017-11-29 14:58:19 CST] <Thread-9>  INFO: Done gathering list of uploaded files from Apple's webDAV...
[2017-11-29 14:58:19 CST] <Thread-9>  INFO: Checking if any encryption/compression files are outdated locally ...
[2017-11-29 14:58:19 CST] <Thread-9>  INFO: Finished checking if any encryption/compression files are outdated locally.
[2017-11-29 14:58:19 CST] <Thread-9>  INFO: Confirming that the previously uploaded files were uploaded correctly ...
[2017-11-29 14:58:19 CST] <Thread-9>  INFO: Finished confirming that the previously uploaded files were uploaded correctly.
[2017-11-29 14:58:19 CST] <Thread-9>  INFO: Determining which files were not uploaded ...
[2017-11-29 14:58:19 CST] <Thread-9>  INFO: Finished determining which files were not uploaded.
[2017-11-29 14:58:19 CST] <Thread-9>  INFO: Done performing upload.
[2017-11-29 14:58:19 CST] <Thread-9>  INFO: id = 20171129145819-342
[2017-11-29 14:58:19 CST] <Thread-9>  INFO: Done performing uploadDone notification to Apple.
[2017-11-29 14:58:19 CST] <Thread-9>  INFO: The package: C:\Users\Henry\AppData\Local\Temp\au\itmsp\1317645704.itmsp has been successfully uploaded.
[2017-11-29 14:58:19 CST] <Thread-9>  INFO: Verify progress: Operation completed (Step 3/3)



Package Summary:
 
1 packages were uploaded successfully:
	C:\Users\Henry\AppData\Local\Temp\au\itmsp\1317645704.itmsp
